 \0  .  .  !
  ! \b \0  .
 \0 \0  H   
 \0 \0  P   
 \0 \0  X   
 \0 \0  p   
 \0 \0  `   
     . \0  .
 \0  .  x  "
  $  . \0  .
  <  .  .  .
  4  $ \0 \0
 \0 \0 \0 \f
  . \0  .   
  $  . \0  .
 \0 \0 \0 \f
  .  O \0  .
  .  " \0 \0
  "  1 \0  .
  .     h   
 \b  . \0  .
  . \0  `   
  !  . \0  .
  .  (  .  "
  .  0 \0  .
  . \0  .   
  .  I \0 \0
  .  J \0  .
  .  I  X  *
  .  ` \0  .
  .  J \0 \0
  .  I \0  .
  "  R \0  .
  .  Q  .  .
  $  . \0  .
  <  .  .  .
  4  $ \0  g
 \0 \0 \0 \f
  $  . \0  .
  <  .  .  .
  4  $ \0  P
 \0 \0 \0 \f
  $  . \0  .
  <  .  .  .
  4  $ \0  g
 \0 \0 \0 \f
  $  . \0  .
  .  . \0 \0
 \0 \0 \0 \f
  $  . \0  .
  <  .  .  .
  4  $ \0  B
 \0 \0 \0 \f
  !  . \0  .
  .  .  .  .
 \f  . \0  .
  $  . \0  .
  <  .  .  .
  4  $ \0  i
 \0 \0 \0 \f
  $  . \0  .
 \0 \0 \0 \f
